
CREATE EXTERNAL TABLE
Timing is on.
SET
Time: 0.577 ms
INSERT 0 6
Time: 265.331 ms
ANALYZE
CREATE EXTERNAL TABLE
Timing is on.
SET
Time: 0.582 ms
INSERT 0 11718
Time: 300.263 ms
ANALYZE
CREATE EXTERNAL TABLE
Timing is on.
SET
Time: 0.386 ms
INSERT 0 144067
Time: 1874.500 ms
ANALYZE
CREATE EXTERNAL TABLE
Timing is on.
SET
Time: 1.084 ms
INSERT 0 1441548
Time: 21338.776 ms
ANALYZE
CREATE EXTERNAL TABLE
Timing is on.
SET
Time: 0.400 ms
INSERT 0 100000
Time: 1720.935 ms
ANALYZE
CREATE EXTERNAL TABLE
Timing is on.
SET
Time: 0.257 ms
INSERT 0 50000
Time: 773.594 ms
ANALYZE
CREATE EXTERNAL TABLE
Timing is on.
SET
Time: 0.272 ms
INSERT 0 1920800
Time: 5724.137 ms
ANALYZE
CREATE EXTERNAL TABLE
Timing is on.
SET
Time: 0.543 ms
INSERT 0 73049
Time: 925.080 ms
ANALYZE
CREATE EXTERNAL TABLE
Timing is on.
SET
Time: 0.254 ms
INSERT 0 7200
Time: 193.532 ms
ANALYZE
CREATE EXTERNAL TABLE
Timing is on.
SET
Time: 0.255 ms
INSERT 0 20
Time: 158.464 ms
ANALYZE
CREATE EXTERNAL TABLE
Timing is on.
SET
Time: 0.289 ms
INSERT 0 11745000
Time: 15236.620 ms
ANALYZE
CREATE EXTERNAL TABLE
Timing is on.
SET
Time: 0.434 ms
INSERT 0 18000
Time: 885.319 ms
ANALYZE
CREATE EXTERNAL TABLE
Timing is on.
SET
Time: 0.246 ms
INSERT 0 300
Time: 224.511 ms
ANALYZE
CREATE EXTERNAL TABLE
Timing is on.
SET
Time: 0.267 ms
INSERT 0 35
Time: 588.196 ms
ANALYZE
CREATE EXTERNAL TABLE
Timing is on.
SET
Time: 0.357 ms
INSERT 0 20
Time: 185.238 ms
ANALYZE
CREATE EXTERNAL TABLE
Timing is on.
SET
Time: 0.474 ms
INSERT 0 12
Time: 174.025 ms
ANALYZE
CREATE EXTERNAL TABLE
Timing is on.
SET
Time: 0.260 ms
INSERT 0 287514
Time: 3231.301 ms
ANALYZE
CREATE EXTERNAL TABLE
Timing is on.
SET
Time: 0.286 ms
INSERT 0 2880404
Time: 33481.138 ms
ANALYZE
CREATE EXTERNAL TABLE
Timing is on.
SET
Time: 0.236 ms
INSERT 0 86400
Time: 798.289 ms
ANALYZE
CREATE EXTERNAL TABLE
Timing is on.
SET
Time: 0.458 ms
INSERT 0 5
Time: 179.159 ms
ANALYZE
CREATE EXTERNAL TABLE
Timing is on.
SET
Time: 0.285 ms
INSERT 0 60
Time: 195.547 ms
ANALYZE
CREATE EXTERNAL TABLE
Timing is on.
SET
Time: 0.325 ms
INSERT 0 71763
Time: 1288.599 ms
ANALYZE
CREATE EXTERNAL TABLE
Timing is on.
SET
Time: 0.286 ms
INSERT 0 719384
Time: 12125.616 ms
ANALYZE
CREATE EXTERNAL TABLE
Timing is on.
SET
Time: 0.345 ms
INSERT 0 30
Time: 188.389 ms
ANALYZE
total insert time : 263473 ms
===============================>TPCDSQuery stream 0
TPCDSQuery 1: 569 ms
TPCDSQuery 2: 1173 ms
TPCDSQuery 3: 719 ms
TPCDSQuery 4: 13434 ms
TPCDSQuery 5: 1824 ms
TPCDSQuery 6: 2428 ms
TPCDSQuery 7: 1000 ms
TPCDSQuery 8: 565 ms
TPCDSQuery 9: 1086 ms
TPCDSQuery 10: 2524 ms
TPCDSQuery 11: 6389 ms
TPCDSQuery 12: 783 ms
TPCDSQuery 13: 2751 ms
TPCDSQuery 14: 27447 ms
TPCDSQuery 15: 2457 ms
TPCDSQuery 16: 1740 ms
TPCDSQuery 17: 1080 ms
TPCDSQuery 18: 1486 ms
TPCDSQuery 19: 1045 ms
TPCDSQuery 20: 944 ms
TPCDSQuery 21: 607 ms
TPCDSQuery 22: 8949 ms
TPCDSQuery 23: 28766 ms
TPCDSQuery 24: 5598 ms
TPCDSQuery 25: 901 ms
TPCDSQuery 26: 929 ms
TPCDSQuery 27: 1017 ms
TPCDSQuery 28: 3015 ms
TPCDSQuery 29: 924 ms
TPCDSQuery 30: 888 ms
TPCDSQuery 31: 1844 ms
TPCDSQuery 32: 1062 ms
TPCDSQuery 33: 1178 ms
TPCDSQuery 34: 1059 ms
TPCDSQuery 35: 2129 ms
TPCDSQuery 36: 2135 ms
TPCDSQuery 37: 493 ms
TPCDSQuery 38: 993 ms
TPCDSQuery 39: 1392 ms
TPCDSQuery 40: 598 ms
TPCDSQuery 41: 411 ms
TPCDSQuery 42: 477 ms
TPCDSQuery 43: 547 ms
TPCDSQuery 44: 1909 ms
TPCDSQuery 45: 823 ms
TPCDSQuery 46: 867 ms
TPCDSQuery 47: 6099 ms
TPCDSQuery 48: 2183 ms
TPCDSQuery 49: 1424 ms
TPCDSQuery 50: 701 ms
TPCDSQuery 51: 3116 ms
TPCDSQuery 52: 588 ms
TPCDSQuery 53: 810 ms
TPCDSQuery 54: 792 ms
TPCDSQuery 55: 684 ms
TPCDSQuery 56: 1122 ms
TPCDSQuery 57: 4446 ms
TPCDSQuery 58: 1218 ms
TPCDSQuery 59: 2155 ms
TPCDSQuery 60: 1710 ms
TPCDSQuery 61: 4232 ms
TPCDSQuery 62: 862 ms
TPCDSQuery 63: 918 ms
TPCDSQuery 64: 56196 ms
TPCDSQuery 65: 2279 ms
TPCDSQuery 66: 1315 ms
TPCDSQuery 67: 14823 ms
TPCDSQuery 68: 2365 ms
TPCDSQuery 69: 896 ms
TPCDSQuery 70: 1836 ms
TPCDSQuery 71: 942 ms
TPCDSQuery 72: 18748 ms
TPCDSQuery 73: 791 ms
TPCDSQuery 74: 5060 ms
TPCDSQuery 75: 2284 ms
TPCDSQuery 76: 2236 ms
TPCDSQuery 77: 1254 ms
TPCDSQuery 78: 3925 ms
TPCDSQuery 79: 901 ms
TPCDSQuery 80: 1408 ms
TPCDSQuery 81: 2140 ms
TPCDSQuery 82: 751 ms
TPCDSQuery 83: 2804 ms
TPCDSQuery 84: 953 ms
TPCDSQuery 85: 845 ms
TPCDSQuery 86: 963 ms
TPCDSQuery 87: 988 ms
TPCDSQuery 88: 2435 ms
TPCDSQuery 89: 2387 ms
TPCDSQuery 90: 605 ms
TPCDSQuery 91: 795 ms
TPCDSQuery 92: 578 ms
TPCDSQuery 93: 464 ms
TPCDSQuery 94: 811 ms
TPCDSQuery 95: 11549 ms
TPCDSQuery 96: 796 ms
TPCDSQuery 97: 3984 ms
TPCDSQuery 98: 1045 ms
TPCDSQuery 99: 1351 ms
SF is: 1
total time : 328551 ms
